{"/Users/bryan/src/sidquest/src/lib/models.ts": {"path":"/Users/bryan/src/sidquest/src/lib/models.ts","statementMap":{"0":{"start":{"line":16,"column":30},"end":{"line":20,"column":null}},"1":{"start":{"line":23,"column":1},"end":{"line":23,"column":null}},"2":{"start":{"line":23,"column":29},"end":{"line":23,"column":null}},"3":{"start":{"line":24,"column":1},"end":{"line":24,"column":null}},"4":{"start":{"line":24,"column":25},"end":{"line":24,"column":null}},"5":{"start":{"line":25,"column":1},"end":{"line":25,"column":null}},"6":{"start":{"line":30,"column":1},"end":{"line":30,"column":null}},"7":{"start":{"line":30,"column":30},"end":{"line":30,"column":null}},"8":{"start":{"line":31,"column":1},"end":{"line":35,"column":null}},"9":{"start":{"line":39,"column":1},"end":{"line":44,"column":null}},"10":{"start":{"line":40,"column":15},"end":{"line":40,"column":null}},"11":{"start":{"line":41,"column":2},"end":{"line":41,"column":null}},"12":{"start":{"line":43,"column":2},"end":{"line":43,"column":null}}},"fnMap":{"0":{"name":"formatBytes","decl":{"start":{"line":22,"column":16},"end":{"line":22,"column":28}},"loc":{"start":{"line":22,"column":51},"end":{"line":26,"column":null}},"line":22},"1":{"name":"getModelInvokeParams","decl":{"start":{"line":29,"column":16},"end":{"line":29,"column":37}},"loc":{"start":{"line":29,"column":111},"end":{"line":36,"column":null}},"line":29},"2":{"name":"filenameFromUrl","decl":{"start":{"line":38,"column":16},"end":{"line":38,"column":32}},"loc":{"start":{"line":38,"column":53},"end":{"line":45,"column":null}},"line":38}},"branchMap":{"0":{"loc":{"start":{"line":23,"column":1},"end":{"line":23,"column":null}},"type":"if","locations":[{"start":{"line":23,"column":1},"end":{"line":23,"column":null}},{"start":{},"end":{}}],"line":23},"1":{"loc":{"start":{"line":24,"column":1},"end":{"line":24,"column":null}},"type":"if","locations":[{"start":{"line":24,"column":1},"end":{"line":24,"column":null}},{"start":{},"end":{}}],"line":24},"2":{"loc":{"start":{"line":30,"column":1},"end":{"line":30,"column":null}},"type":"if","locations":[{"start":{"line":30,"column":1},"end":{"line":30,"column":null}},{"start":{},"end":{}}],"line":30},"3":{"loc":{"start":{"line":30,"column":5},"end":{"line":30,"column":30}},"type":"binary-expr","locations":[{"start":{"line":30,"column":5},"end":{"line":30,"column":15}},{"start":{"line":30,"column":15},"end":{"line":30,"column":30}}],"line":30},"4":{"loc":{"start":{"line":41,"column":9},"end":{"line":41,"column":null}},"type":"binary-expr","locations":[{"start":{"line":41,"column":9},"end":{"line":41,"column":34}},{"start":{"line":41,"column":34},"end":{"line":41,"column":null}}],"line":41},"5":{"loc":{"start":{"line":43,"column":9},"end":{"line":43,"column":null}},"type":"binary-expr","locations":[{"start":{"line":43,"column":9},"end":{"line":43,"column":33}},{"start":{"line":43,"column":33},"end":{"line":43,"column":null}}],"line":43}},"s":{"0":1,"1":6,"2":2,"3":4,"4":4,"5":2,"6":3,"7":2,"8":1,"9":4,"10":4,"11":4,"12":1},"f":{"0":6,"1":3,"2":4},"b":{"0":[2,4],"1":[2,2],"2":[2,1],"3":[3,2],"4":[4,1],"5":[1,0]},"meta":{"lastBranch":6,"lastFunction":3,"lastStatement":13,"seen":{"s:16:30:20:Infinity":0,"f:22:16:22:28":0,"b:23:1:23:Infinity:undefined:undefined:undefined:undefined":0,"s:23:1:23:Infinity":1,"s:23:29:23:Infinity":2,"b:24:1:24:Infinity:undefined:undefined:undefined:undefined":1,"s:24:1:24:Infinity":3,"s:24:25:24:Infinity":4,"s:25:1:25:Infinity":5,"f:29:16:29:37":1,"b:30:1:30:Infinity:undefined:undefined:undefined:undefined":2,"s:30:1:30:Infinity":6,"b:30:5:30:15:30:15:30:30":3,"s:30:30:30:Infinity":7,"s:31:1:35:Infinity":8,"f:38:16:38:32":2,"s:39:1:44:Infinity":9,"s:40:15:40:Infinity":10,"s:41:2:41:Infinity":11,"b:41:9:41:34:41:34:41:Infinity":4,"s:43:2:43:Infinity":12,"b:43:9:43:33:43:33:43:Infinity":5}}}
,"/Users/bryan/src/sidquest/src/lib/tiptapTransform.ts": {"path":"/Users/bryan/src/sidquest/src/lib/tiptapTransform.ts","statementMap":{"0":{"start":{"line":19,"column":2},"end":{"line":19,"column":null}},"1":{"start":{"line":19,"column":52},"end":{"line":19,"column":null}},"2":{"start":{"line":20,"column":2},"end":{"line":20,"column":null}},"3":{"start":{"line":27,"column":24},"end":{"line":27,"column":null}},"4":{"start":{"line":29,"column":2},"end":{"line":54,"column":null}},"5":{"start":{"line":31,"column":4},"end":{"line":34,"column":null}},"6":{"start":{"line":32,"column":6},"end":{"line":32,"column":null}},"7":{"start":{"line":33,"column":6},"end":{"line":33,"column":null}},"8":{"start":{"line":37,"column":4},"end":{"line":41,"column":null}},"9":{"start":{"line":38,"column":20},"end":{"line":38,"column":null}},"10":{"start":{"line":39,"column":6},"end":{"line":39,"column":null}},"11":{"start":{"line":40,"column":6},"end":{"line":40,"column":null}},"12":{"start":{"line":44,"column":4},"end":{"line":50,"column":null}},"13":{"start":{"line":45,"column":6},"end":{"line":48,"column":null}},"14":{"start":{"line":49,"column":6},"end":{"line":49,"column":null}},"15":{"start":{"line":53,"column":4},"end":{"line":53,"column":null}},"16":{"start":{"line":56,"column":2},"end":{"line":56,"column":null}},"17":{"start":{"line":70,"column":18},"end":{"line":72,"column":null}},"18":{"start":{"line":71,"column":14},"end":{"line":71,"column":null}},"19":{"start":{"line":73,"column":18},"end":{"line":75,"column":null}},"20":{"start":{"line":74,"column":21},"end":{"line":74,"column":38}},"21":{"start":{"line":76,"column":16},"end":{"line":76,"column":null}},"22":{"start":{"line":78,"column":23},"end":{"line":78,"column":null}},"23":{"start":{"line":79,"column":16},"end":{"line":79,"column":null}},"24":{"start":{"line":82,"column":2},"end":{"line":102,"column":null}},"25":{"start":{"line":84,"column":4},"end":{"line":86,"column":null}},"26":{"start":{"line":85,"column":6},"end":{"line":85,"column":null}},"27":{"start":{"line":89,"column":24},"end":{"line":89,"column":null}},"28":{"start":{"line":90,"column":18},"end":{"line":92,"column":null}},"29":{"start":{"line":91,"column":18},"end":{"line":91,"column":null}},"30":{"start":{"line":94,"column":4},"end":{"line":99,"column":null}},"31":{"start":{"line":95,"column":6},"end":{"line":95,"column":null}},"32":{"start":{"line":98,"column":6},"end":{"line":98,"column":null}},"33":{"start":{"line":101,"column":4},"end":{"line":101,"column":null}},"34":{"start":{"line":105,"column":2},"end":{"line":107,"column":null}},"35":{"start":{"line":106,"column":4},"end":{"line":106,"column":null}},"36":{"start":{"line":110,"column":2},"end":{"line":112,"column":null}},"37":{"start":{"line":111,"column":4},"end":{"line":111,"column":null}},"38":{"start":{"line":114,"column":2},"end":{"line":114,"column":null}},"39":{"start":{"line":118,"column":20},"end":{"line":118,"column":null}},"40":{"start":{"line":119,"column":2},"end":{"line":121,"column":null}},"41":{"start":{"line":120,"column":4},"end":{"line":120,"column":null}},"42":{"start":{"line":122,"column":2},"end":{"line":122,"column":null}},"43":{"start":{"line":126,"column":2},"end":{"line":134,"column":null}},"44":{"start":{"line":138,"column":2},"end":{"line":138,"column":null}}},"fnMap":{"0":{"name":"insertWikilinksInDoc","decl":{"start":{"line":15,"column":16},"end":{"line":15,"column":null}},"loc":{"start":{"line":18,"column":7},"end":{"line":21,"column":null}},"line":18},"1":{"name":"transformContent","decl":{"start":{"line":23,"column":9},"end":{"line":23,"column":null}},"loc":{"start":{"line":26,"column":9},"end":{"line":57,"column":null}},"line":26},"2":{"name":"splitText","decl":{"start":{"line":64,"column":9},"end":{"line":64,"column":null}},"loc":{"start":{"line":68,"column":9},"end":{"line":115,"column":null}},"line":68},"3":{"name":"(anonymous_3)","decl":{"start":{"line":71,"column":4},"end":{"line":71,"column":5}},"loc":{"start":{"line":71,"column":14},"end":{"line":71,"column":null}},"line":71},"4":{"name":"(anonymous_4)","decl":{"start":{"line":74,"column":9},"end":{"line":74,"column":10}},"loc":{"start":{"line":74,"column":21},"end":{"line":74,"column":38}},"line":74},"5":{"name":"(anonymous_5)","decl":{"start":{"line":91,"column":6},"end":{"line":91,"column":7}},"loc":{"start":{"line":91,"column":18},"end":{"line":91,"column":null}},"line":91},"6":{"name":"textNode","decl":{"start":{"line":117,"column":9},"end":{"line":117,"column":18}},"loc":{"start":{"line":117,"column":52},"end":{"line":123,"column":null}},"line":117},"7":{"name":"wikilinkNode","decl":{"start":{"line":125,"column":9},"end":{"line":125,"column":22}},"loc":{"start":{"line":125,"column":51},"end":{"line":135,"column":null}},"line":125},"8":{"name":"escapeRegex","decl":{"start":{"line":137,"column":9},"end":{"line":137,"column":21}},"loc":{"start":{"line":137,"column":42},"end":{"line":139,"column":null}},"line":137}},"branchMap":{"0":{"loc":{"start":{"line":19,"column":2},"end":{"line":19,"column":null}},"type":"if","locations":[{"start":{"line":19,"column":2},"end":{"line":19,"column":null}},{"start":{},"end":{}}],"line":19},"1":{"loc":{"start":{"line":19,"column":6},"end":{"line":19,"column":52}},"type":"binary-expr","locations":[{"start":{"line":19,"column":6},"end":{"line":19,"column":14}},{"start":{"line":19,"column":14},"end":{"line":19,"column":30}},{"start":{"line":19,"column":30},"end":{"line":19,"column":52}}],"line":19},"2":{"loc":{"start":{"line":31,"column":4},"end":{"line":34,"column":null}},"type":"if","locations":[{"start":{"line":31,"column":4},"end":{"line":34,"column":null}},{"start":{},"end":{}}],"line":31},"3":{"loc":{"start":{"line":37,"column":4},"end":{"line":41,"column":null}},"type":"if","locations":[{"start":{"line":37,"column":4},"end":{"line":41,"column":null}},{"start":{},"end":{}}],"line":37},"4":{"loc":{"start":{"line":37,"column":8},"end":{"line":37,"column":43}},"type":"binary-expr","locations":[{"start":{"line":37,"column":8},"end":{"line":37,"column":32}},{"start":{"line":37,"column":32},"end":{"line":37,"column":43}}],"line":37},"5":{"loc":{"start":{"line":44,"column":4},"end":{"line":50,"column":null}},"type":"if","locations":[{"start":{"line":44,"column":4},"end":{"line":50,"column":null}},{"start":{},"end":{}}],"line":44},"6":{"loc":{"start":{"line":84,"column":4},"end":{"line":86,"column":null}},"type":"if","locations":[{"start":{"line":84,"column":4},"end":{"line":86,"column":null}},{"start":{},"end":{}}],"line":84},"7":{"loc":{"start":{"line":94,"column":4},"end":{"line":99,"column":null}},"type":"if","locations":[{"start":{"line":94,"column":4},"end":{"line":99,"column":null}},{"start":{"line":96,"column":11},"end":{"line":99,"column":null}}],"line":94},"8":{"loc":{"start":{"line":105,"column":2},"end":{"line":107,"column":null}},"type":"if","locations":[{"start":{"line":105,"column":2},"end":{"line":107,"column":null}},{"start":{},"end":{}}],"line":105},"9":{"loc":{"start":{"line":110,"column":2},"end":{"line":112,"column":null}},"type":"if","locations":[{"start":{"line":110,"column":2},"end":{"line":112,"column":null}},{"start":{},"end":{}}],"line":110},"10":{"loc":{"start":{"line":119,"column":2},"end":{"line":121,"column":null}},"type":"if","locations":[{"start":{"line":119,"column":2},"end":{"line":121,"column":null}},{"start":{},"end":{}}],"line":119},"11":{"loc":{"start":{"line":119,"column":6},"end":{"line":119,"column":33}},"type":"binary-expr","locations":[{"start":{"line":119,"column":6},"end":{"line":119,"column":15}},{"start":{"line":119,"column":15},"end":{"line":119,"column":33}}],"line":119}},"s":{"0":17,"1":4,"2":13,"3":29,"4":29,"5":32,"6":0,"7":0,"8":32,"9":15,"10":15,"11":15,"12":17,"13":16,"14":16,"15":1,"16":29,"17":15,"18":4,"19":15,"20":19,"21":15,"22":15,"23":15,"24":15,"25":13,"26":8,"27":13,"28":13,"29":15,"30":13,"31":13,"32":0,"33":13,"34":15,"35":12,"36":15,"37":0,"38":15,"39":20,"40":20,"41":2,"42":20,"43":13,"44":19},"f":{"0":17,"1":29,"2":15,"3":4,"4":19,"5":15,"6":20,"7":13,"8":19},"b":{"0":[4,13],"1":[17,16,14],"2":[0,32],"3":[15,17],"4":[32,15],"5":[16,1],"6":[8,5],"7":[13,0],"8":[12,3],"9":[0,15],"10":[2,18],"11":[20,2]},"meta":{"lastBranch":12,"lastFunction":9,"lastStatement":45,"seen":{"f:15:16:15:Infinity":0,"b:19:2:19:Infinity:undefined:undefined:undefined:undefined":0,"s:19:2:19:Infinity":0,"b:19:6:19:14:19:14:19:30:19:30:19:52":1,"s:19:52:19:Infinity":1,"s:20:2:20:Infinity":2,"f:23:9:23:Infinity":1,"s:27:24:27:Infinity":3,"s:29:2:54:Infinity":4,"b:31:4:34:Infinity:undefined:undefined:undefined:undefined":2,"s:31:4:34:Infinity":5,"s:32:6:32:Infinity":6,"s:33:6:33:Infinity":7,"b:37:4:41:Infinity:undefined:undefined:undefined:undefined":3,"s:37:4:41:Infinity":8,"b:37:8:37:32:37:32:37:43":4,"s:38:20:38:Infinity":9,"s:39:6:39:Infinity":10,"s:40:6:40:Infinity":11,"b:44:4:50:Infinity:undefined:undefined:undefined:undefined":5,"s:44:4:50:Infinity":12,"s:45:6:48:Infinity":13,"s:49:6:49:Infinity":14,"s:53:4:53:Infinity":15,"s:56:2:56:Infinity":16,"f:64:9:64:Infinity":2,"s:70:18:72:Infinity":17,"f:71:4:71:5":3,"s:71:14:71:Infinity":18,"s:73:18:75:Infinity":19,"f:74:9:74:10":4,"s:74:21:74:38":20,"s:76:16:76:Infinity":21,"s:78:23:78:Infinity":22,"s:79:16:79:Infinity":23,"s:82:2:102:Infinity":24,"b:84:4:86:Infinity:undefined:undefined:undefined:undefined":6,"s:84:4:86:Infinity":25,"s:85:6:85:Infinity":26,"s:89:24:89:Infinity":27,"s:90:18:92:Infinity":28,"f:91:6:91:7":5,"s:91:18:91:Infinity":29,"b:94:4:99:Infinity:96:11:99:Infinity":7,"s:94:4:99:Infinity":30,"s:95:6:95:Infinity":31,"s:98:6:98:Infinity":32,"s:101:4:101:Infinity":33,"b:105:2:107:Infinity:undefined:undefined:undefined:undefined":8,"s:105:2:107:Infinity":34,"s:106:4:106:Infinity":35,"b:110:2:112:Infinity:undefined:undefined:undefined:undefined":9,"s:110:2:112:Infinity":36,"s:111:4:111:Infinity":37,"s:114:2:114:Infinity":38,"f:117:9:117:18":6,"s:118:20:118:Infinity":39,"b:119:2:121:Infinity:undefined:undefined:undefined:undefined":10,"s:119:2:121:Infinity":40,"b:119:6:119:15:119:15:119:33":11,"s:120:4:120:Infinity":41,"s:122:2:122:Infinity":42,"f:125:9:125:22":7,"s:126:2:134:Infinity":43,"f:137:9:137:21":8,"s:138:2:138:Infinity":44}}}
,"/Users/bryan/src/sidquest/src/lib/wikilinks.ts": {"path":"/Users/bryan/src/sidquest/src/lib/wikilinks.ts","statementMap":{"0":{"start":{"line":3,"column":27},"end":{"line":3,"column":null}},"1":{"start":{"line":6,"column":4},"end":{"line":8,"column":null}},"2":{"start":{"line":7,"column":6},"end":{"line":7,"column":null}},"3":{"start":{"line":9,"column":4},"end":{"line":13,"column":null}},"4":{"start":{"line":10,"column":6},"end":{"line":12,"column":null}},"5":{"start":{"line":11,"column":8},"end":{"line":11,"column":null}},"6":{"start":{"line":16,"column":2},"end":{"line":16,"column":null}},"7":{"start":{"line":16,"column":11},"end":{"line":16,"column":null}},"8":{"start":{"line":17,"column":2},"end":{"line":17,"column":null}}},"fnMap":{"0":{"name":"extractWikilinkIds","decl":{"start":{"line":2,"column":16},"end":{"line":2,"column":35}},"loc":{"start":{"line":2,"column":55},"end":{"line":18,"column":null}},"line":2},"1":{"name":"walk","decl":{"start":{"line":5,"column":11},"end":{"line":5,"column":16}},"loc":{"start":{"line":5,"column":27},"end":{"line":14,"column":null}},"line":5}},"branchMap":{"0":{"loc":{"start":{"line":6,"column":4},"end":{"line":8,"column":null}},"type":"if","locations":[{"start":{"line":6,"column":4},"end":{"line":8,"column":null}},{"start":{},"end":{}}],"line":6},"1":{"loc":{"start":{"line":6,"column":8},"end":{"line":6,"column":56}},"type":"binary-expr","locations":[{"start":{"line":6,"column":8},"end":{"line":6,"column":36}},{"start":{"line":6,"column":36},"end":{"line":6,"column":56}}],"line":6},"2":{"loc":{"start":{"line":9,"column":4},"end":{"line":13,"column":null}},"type":"if","locations":[{"start":{"line":9,"column":4},"end":{"line":13,"column":null}},{"start":{},"end":{}}],"line":9},"3":{"loc":{"start":{"line":16,"column":2},"end":{"line":16,"column":null}},"type":"if","locations":[{"start":{"line":16,"column":2},"end":{"line":16,"column":null}},{"start":{},"end":{}}],"line":16}},"s":{"0":8,"1":24,"2":6,"3":24,"4":15,"5":18,"6":8,"7":6,"8":8},"f":{"0":8,"1":24},"b":{"0":[6,18],"1":[24,7],"2":[15,9],"3":[6,2]},"meta":{"lastBranch":4,"lastFunction":2,"lastStatement":9,"seen":{"f:2:16:2:35":0,"s:3:27:3:Infinity":0,"f:5:11:5:16":1,"b:6:4:8:Infinity:undefined:undefined:undefined:undefined":0,"s:6:4:8:Infinity":1,"b:6:8:6:36:6:36:6:56":1,"s:7:6:7:Infinity":2,"b:9:4:13:Infinity:undefined:undefined:undefined:undefined":2,"s:9:4:13:Infinity":3,"s:10:6:12:Infinity":4,"s:11:8:11:Infinity":5,"b:16:2:16:Infinity:undefined:undefined:undefined:undefined":3,"s:16:2:16:Infinity":6,"s:16:11:16:Infinity":7,"s:17:2:17:Infinity":8}}}
,"/Users/bryan/src/sidquest/src/lib/components/editor/cleanupRoundtrip.ts": {"path":"/Users/bryan/src/sidquest/src/lib/components/editor/cleanupRoundtrip.ts","statementMap":{"0":{"start":{"line":27,"column":22},"end":{"line":27,"column":null}},"1":{"start":{"line":28,"column":15},"end":{"line":28,"column":null}},"2":{"start":{"line":29,"column":2},"end":{"line":29,"column":null}},"3":{"start":{"line":33,"column":2},"end":{"line":42,"column":null}},"4":{"start":{"line":34,"column":18},"end":{"line":34,"column":null}},"5":{"start":{"line":35,"column":4},"end":{"line":40,"column":null}},"6":{"start":{"line":41,"column":4},"end":{"line":41,"column":null}},"7":{"start":{"line":44,"column":2},"end":{"line":46,"column":null}},"8":{"start":{"line":45,"column":4},"end":{"line":45,"column":null}},"9":{"start":{"line":48,"column":2},"end":{"line":53,"column":null}},"10":{"start":{"line":50,"column":4},"end":{"line":50,"column":null}},"11":{"start":{"line":50,"column":35},"end":{"line":50,"column":null}},"12":{"start":{"line":51,"column":4},"end":{"line":51,"column":null}},"13":{"start":{"line":51,"column":40},"end":{"line":51,"column":null}},"14":{"start":{"line":52,"column":4},"end":{"line":52,"column":null}},"15":{"start":{"line":55,"column":16},"end":{"line":55,"column":null}},"16":{"start":{"line":55,"column":42},"end":{"line":55,"column":69}},"17":{"start":{"line":58,"column":2},"end":{"line":79,"column":null}},"18":{"start":{"line":60,"column":6},"end":{"line":60,"column":null}},"19":{"start":{"line":62,"column":20},"end":{"line":62,"column":null}},"20":{"start":{"line":63,"column":21},"end":{"line":63,"column":null}},"21":{"start":{"line":64,"column":6},"end":{"line":64,"column":null}},"22":{"start":{"line":68,"column":6},"end":{"line":68,"column":null}},"23":{"start":{"line":70,"column":6},"end":{"line":70,"column":null}},"24":{"start":{"line":72,"column":6},"end":{"line":72,"column":null}},"25":{"start":{"line":72,"column":56},"end":{"line":72,"column":64}},"26":{"start":{"line":74,"column":6},"end":{"line":74,"column":null}},"27":{"start":{"line":76,"column":6},"end":{"line":76,"column":null}},"28":{"start":{"line":78,"column":6},"end":{"line":78,"column":null}},"29":{"start":{"line":88,"column":2},"end":{"line":91,"column":null}},"30":{"start":{"line":90,"column":4},"end":{"line":90,"column":null}},"31":{"start":{"line":94,"column":17},"end":{"line":96,"column":null}},"32":{"start":{"line":95,"column":14},"end":{"line":95,"column":21}},"33":{"start":{"line":96,"column":20},"end":{"line":96,"column":39}},"34":{"start":{"line":98,"column":2},"end":{"line":103,"column":null}},"35":{"start":{"line":99,"column":20},"end":{"line":99,"column":null}},"36":{"start":{"line":101,"column":20},"end":{"line":101,"column":null}},"37":{"start":{"line":102,"column":4},"end":{"line":102,"column":null}},"38":{"start":{"line":106,"column":2},"end":{"line":108,"column":null}},"39":{"start":{"line":107,"column":4},"end":{"line":107,"column":null}},"40":{"start":{"line":110,"column":2},"end":{"line":110,"column":null}},"41":{"start":{"line":118,"column":16},"end":{"line":118,"column":null}},"42":{"start":{"line":119,"column":32},"end":{"line":119,"column":null}},"43":{"start":{"line":120,"column":10},"end":{"line":120,"column":null}},"44":{"start":{"line":122,"column":2},"end":{"line":216,"column":null}},"45":{"start":{"line":123,"column":17},"end":{"line":123,"column":null}},"46":{"start":{"line":126,"column":4},"end":{"line":129,"column":null}},"47":{"start":{"line":127,"column":6},"end":{"line":127,"column":null}},"48":{"start":{"line":128,"column":6},"end":{"line":128,"column":null}},"49":{"start":{"line":132,"column":25},"end":{"line":132,"column":null}},"50":{"start":{"line":133,"column":4},"end":{"line":141,"column":null}},"51":{"start":{"line":134,"column":6},"end":{"line":138,"column":null}},"52":{"start":{"line":139,"column":6},"end":{"line":139,"column":null}},"53":{"start":{"line":140,"column":6},"end":{"line":140,"column":null}},"54":{"start":{"line":144,"column":4},"end":{"line":148,"column":null}},"55":{"start":{"line":145,"column":6},"end":{"line":145,"column":null}},"56":{"start":{"line":146,"column":6},"end":{"line":146,"column":null}},"57":{"start":{"line":147,"column":6},"end":{"line":147,"column":null}},"58":{"start":{"line":151,"column":4},"end":{"line":163,"column":null}},"59":{"start":{"line":152,"column":34},"end":{"line":152,"column":null}},"60":{"start":{"line":153,"column":6},"end":{"line":160,"column":null}},"61":{"start":{"line":154,"column":25},"end":{"line":154,"column":null}},"62":{"start":{"line":155,"column":8},"end":{"line":158,"column":null}},"63":{"start":{"line":159,"column":8},"end":{"line":159,"column":null}},"64":{"start":{"line":161,"column":6},"end":{"line":161,"column":null}},"65":{"start":{"line":162,"column":6},"end":{"line":162,"column":null}},"66":{"start":{"line":166,"column":4},"end":{"line":178,"column":null}},"67":{"start":{"line":167,"column":34},"end":{"line":167,"column":null}},"68":{"start":{"line":168,"column":6},"end":{"line":175,"column":null}},"69":{"start":{"line":169,"column":25},"end":{"line":169,"column":null}},"70":{"start":{"line":170,"column":8},"end":{"line":173,"column":null}},"71":{"start":{"line":174,"column":8},"end":{"line":174,"column":null}},"72":{"start":{"line":176,"column":6},"end":{"line":176,"column":null}},"73":{"start":{"line":177,"column":6},"end":{"line":177,"column":null}},"74":{"start":{"line":181,"column":4},"end":{"line":192,"column":null}},"75":{"start":{"line":182,"column":35},"end":{"line":182,"column":null}},"76":{"start":{"line":183,"column":6},"end":{"line":186,"column":null}},"77":{"start":{"line":184,"column":8},"end":{"line":184,"column":null}},"78":{"start":{"line":185,"column":8},"end":{"line":185,"column":null}},"79":{"start":{"line":187,"column":6},"end":{"line":190,"column":null}},"80":{"start":{"line":191,"column":6},"end":{"line":191,"column":null}},"81":{"start":{"line":195,"column":4},"end":{"line":208,"column":null}},"82":{"start":{"line":196,"column":6},"end":{"line":196,"column":null}},"83":{"start":{"line":197,"column":34},"end":{"line":197,"column":null}},"84":{"start":{"line":198,"column":6},"end":{"line":201,"column":null}},"85":{"start":{"line":199,"column":8},"end":{"line":199,"column":null}},"86":{"start":{"line":200,"column":8},"end":{"line":200,"column":null}},"87":{"start":{"line":202,"column":6},"end":{"line":202,"column":null}},"88":{"start":{"line":202,"column":28},"end":{"line":202,"column":null}},"89":{"start":{"line":203,"column":6},"end":{"line":206,"column":null}},"90":{"start":{"line":207,"column":6},"end":{"line":207,"column":null}},"91":{"start":{"line":211,"column":4},"end":{"line":214,"column":null}},"92":{"start":{"line":215,"column":4},"end":{"line":215,"column":null}},"93":{"start":{"line":219,"column":2},"end":{"line":221,"column":null}},"94":{"start":{"line":220,"column":4},"end":{"line":220,"column":null}},"95":{"start":{"line":223,"column":2},"end":{"line":223,"column":null}},"96":{"start":{"line":231,"column":30},"end":{"line":231,"column":null}},"97":{"start":{"line":232,"column":16},"end":{"line":232,"column":null}},"98":{"start":{"line":233,"column":18},"end":{"line":233,"column":null}},"99":{"start":{"line":236,"column":2},"end":{"line":253,"column":null}},"100":{"start":{"line":238,"column":4},"end":{"line":240,"column":null}},"101":{"start":{"line":239,"column":6},"end":{"line":239,"column":null}},"102":{"start":{"line":242,"column":18},"end":{"line":242,"column":null}},"103":{"start":{"line":243,"column":18},"end":{"line":243,"column":null}},"104":{"start":{"line":245,"column":4},"end":{"line":250,"column":null}},"105":{"start":{"line":252,"column":4},"end":{"line":252,"column":null}},"106":{"start":{"line":256,"column":2},"end":{"line":258,"column":null}},"107":{"start":{"line":257,"column":4},"end":{"line":257,"column":null}},"108":{"start":{"line":260,"column":2},"end":{"line":260,"column":null}}},"fnMap":{"0":{"name":"serialize","decl":{"start":{"line":26,"column":16},"end":{"line":26,"column":26}},"loc":{"start":{"line":26,"column":102},"end":{"line":30,"column":null}},"line":26},"1":{"name":"serializeNode","decl":{"start":{"line":32,"column":9},"end":{"line":32,"column":23}},"loc":{"start":{"line":32,"column":84},"end":{"line":80,"column":null}},"line":32},"2":{"name":"(anonymous_2)","decl":{"start":{"line":55,"column":33},"end":{"line":55,"column":42}},"loc":{"start":{"line":55,"column":42},"end":{"line":55,"column":69}},"line":55},"3":{"name":"(anonymous_3)","decl":{"start":{"line":72,"column":51},"end":{"line":72,"column":56}},"loc":{"start":{"line":72,"column":56},"end":{"line":72,"column":64}},"line":72},"4":{"name":"restoreWikilinks","decl":{"start":{"line":87,"column":16},"end":{"line":87,"column":33}},"loc":{"start":{"line":87,"column":96},"end":{"line":111,"column":null}},"line":87},"5":{"name":"(anonymous_5)","decl":{"start":{"line":95,"column":9},"end":{"line":95,"column":14}},"loc":{"start":{"line":95,"column":14},"end":{"line":95,"column":21}},"line":95},"6":{"name":"(anonymous_6)","decl":{"start":{"line":96,"column":10},"end":{"line":96,"column":11}},"loc":{"start":{"line":96,"column":20},"end":{"line":96,"column":39}},"line":96},"7":{"name":"(anonymous_7)","decl":{"start":{"line":106,"column":43},"end":{"line":106,"column":44}},"loc":{"start":{"line":106,"column":61},"end":{"line":108,"column":3}},"line":106},"8":{"name":"deserialize","decl":{"start":{"line":117,"column":16},"end":{"line":117,"column":28}},"loc":{"start":{"line":117,"column":95},"end":{"line":224,"column":null}},"line":117},"9":{"name":"inlineToNodes","decl":{"start":{"line":230,"column":9},"end":{"line":230,"column":23}},"loc":{"start":{"line":230,"column":92},"end":{"line":261,"column":null}},"line":230}},"branchMap":{"0":{"loc":{"start":{"line":33,"column":2},"end":{"line":42,"column":null}},"type":"if","locations":[{"start":{"line":33,"column":2},"end":{"line":42,"column":null}},{"start":{},"end":{}}],"line":33},"1":{"loc":{"start":{"line":34,"column":18},"end":{"line":34,"column":null}},"type":"binary-expr","locations":[{"start":{"line":34,"column":18},"end":{"line":34,"column":39}},{"start":{"line":34,"column":39},"end":{"line":34,"column":null}}],"line":34},"2":{"loc":{"start":{"line":36,"column":10},"end":{"line":36,"column":null}},"type":"binary-expr","locations":[{"start":{"line":36,"column":10},"end":{"line":36,"column":28}},{"start":{"line":36,"column":28},"end":{"line":36,"column":null}}],"line":36},"3":{"loc":{"start":{"line":37,"column":14},"end":{"line":37,"column":null}},"type":"binary-expr","locations":[{"start":{"line":37,"column":14},"end":{"line":37,"column":36}},{"start":{"line":37,"column":36},"end":{"line":37,"column":null}}],"line":37},"4":{"loc":{"start":{"line":38,"column":16},"end":{"line":38,"column":null}},"type":"binary-expr","locations":[{"start":{"line":38,"column":16},"end":{"line":38,"column":40}},{"start":{"line":38,"column":40},"end":{"line":38,"column":null}}],"line":38},"5":{"loc":{"start":{"line":44,"column":2},"end":{"line":46,"column":null}},"type":"if","locations":[{"start":{"line":44,"column":2},"end":{"line":46,"column":null}},{"start":{},"end":{}}],"line":44},"6":{"loc":{"start":{"line":45,"column":11},"end":{"line":45,"column":null}},"type":"binary-expr","locations":[{"start":{"line":45,"column":11},"end":{"line":45,"column":24}},{"start":{"line":45,"column":24},"end":{"line":45,"column":null}}],"line":45},"7":{"loc":{"start":{"line":48,"column":2},"end":{"line":53,"column":null}},"type":"if","locations":[{"start":{"line":48,"column":2},"end":{"line":53,"column":null}},{"start":{},"end":{}}],"line":48},"8":{"loc":{"start":{"line":50,"column":4},"end":{"line":50,"column":null}},"type":"if","locations":[{"start":{"line":50,"column":4},"end":{"line":50,"column":null}},{"start":{},"end":{}}],"line":50},"9":{"loc":{"start":{"line":51,"column":4},"end":{"line":51,"column":null}},"type":"if","locations":[{"start":{"line":51,"column":4},"end":{"line":51,"column":null}},{"start":{},"end":{}}],"line":51},"10":{"loc":{"start":{"line":58,"column":2},"end":{"line":79,"column":null}},"type":"switch","locations":[{"start":{"line":59,"column":4},"end":{"line":60,"column":null}},{"start":{"line":61,"column":4},"end":{"line":65,"column":null}},{"start":{"line":66,"column":4},"end":{"line":66,"column":null}},{"start":{"line":67,"column":4},"end":{"line":68,"column":null}},{"start":{"line":69,"column":4},"end":{"line":70,"column":null}},{"start":{"line":71,"column":4},"end":{"line":72,"column":null}},{"start":{"line":73,"column":4},"end":{"line":74,"column":null}},{"start":{"line":75,"column":4},"end":{"line":76,"column":null}},{"start":{"line":77,"column":4},"end":{"line":78,"column":null}}],"line":58},"11":{"loc":{"start":{"line":62,"column":20},"end":{"line":62,"column":null}},"type":"binary-expr","locations":[{"start":{"line":62,"column":20},"end":{"line":62,"column":41}},{"start":{"line":62,"column":41},"end":{"line":62,"column":null}}],"line":62},"12":{"loc":{"start":{"line":88,"column":2},"end":{"line":91,"column":null}},"type":"if","locations":[{"start":{"line":88,"column":2},"end":{"line":91,"column":null}},{"start":{},"end":{}}],"line":88},"13":{"loc":{"start":{"line":107,"column":11},"end":{"line":107,"column":null}},"type":"cond-expr","locations":[{"start":{"line":107,"column":50},"end":{"line":107,"column":58}},{"start":{"line":107,"column":58},"end":{"line":107,"column":null}}],"line":107},"14":{"loc":{"start":{"line":126,"column":4},"end":{"line":129,"column":null}},"type":"if","locations":[{"start":{"line":126,"column":4},"end":{"line":129,"column":null}},{"start":{},"end":{}}],"line":126},"15":{"loc":{"start":{"line":133,"column":4},"end":{"line":141,"column":null}},"type":"if","locations":[{"start":{"line":133,"column":4},"end":{"line":141,"column":null}},{"start":{},"end":{}}],"line":133},"16":{"loc":{"start":{"line":144,"column":4},"end":{"line":148,"column":null}},"type":"if","locations":[{"start":{"line":144,"column":4},"end":{"line":148,"column":null}},{"start":{},"end":{}}],"line":144},"17":{"loc":{"start":{"line":144,"column":8},"end":{"line":144,"column":81}},"type":"binary-expr","locations":[{"start":{"line":144,"column":8},"end":{"line":144,"column":33}},{"start":{"line":144,"column":33},"end":{"line":144,"column":58}},{"start":{"line":144,"column":58},"end":{"line":144,"column":81}}],"line":144},"18":{"loc":{"start":{"line":151,"column":4},"end":{"line":163,"column":null}},"type":"if","locations":[{"start":{"line":151,"column":4},"end":{"line":163,"column":null}},{"start":{},"end":{}}],"line":151},"19":{"loc":{"start":{"line":153,"column":13},"end":{"line":153,"column":64}},"type":"binary-expr","locations":[{"start":{"line":153,"column":13},"end":{"line":153,"column":33}},{"start":{"line":153,"column":33},"end":{"line":153,"column":64}}],"line":153},"20":{"loc":{"start":{"line":166,"column":4},"end":{"line":178,"column":null}},"type":"if","locations":[{"start":{"line":166,"column":4},"end":{"line":178,"column":null}},{"start":{},"end":{}}],"line":166},"21":{"loc":{"start":{"line":168,"column":13},"end":{"line":168,"column":61}},"type":"binary-expr","locations":[{"start":{"line":168,"column":13},"end":{"line":168,"column":33}},{"start":{"line":168,"column":33},"end":{"line":168,"column":61}}],"line":168},"22":{"loc":{"start":{"line":181,"column":4},"end":{"line":192,"column":null}},"type":"if","locations":[{"start":{"line":181,"column":4},"end":{"line":192,"column":null}},{"start":{},"end":{}}],"line":181},"23":{"loc":{"start":{"line":183,"column":13},"end":{"line":183,"column":60}},"type":"binary-expr","locations":[{"start":{"line":183,"column":13},"end":{"line":183,"column":33}},{"start":{"line":183,"column":33},"end":{"line":183,"column":60}}],"line":183},"24":{"loc":{"start":{"line":195,"column":4},"end":{"line":208,"column":null}},"type":"if","locations":[{"start":{"line":195,"column":4},"end":{"line":208,"column":null}},{"start":{},"end":{}}],"line":195},"25":{"loc":{"start":{"line":198,"column":13},"end":{"line":198,"column":62}},"type":"binary-expr","locations":[{"start":{"line":198,"column":13},"end":{"line":198,"column":33}},{"start":{"line":198,"column":33},"end":{"line":198,"column":62}}],"line":198},"26":{"loc":{"start":{"line":202,"column":6},"end":{"line":202,"column":null}},"type":"if","locations":[{"start":{"line":202,"column":6},"end":{"line":202,"column":null}},{"start":{},"end":{}}],"line":202},"27":{"loc":{"start":{"line":219,"column":2},"end":{"line":221,"column":null}},"type":"if","locations":[{"start":{"line":219,"column":2},"end":{"line":221,"column":null}},{"start":{},"end":{}}],"line":219},"28":{"loc":{"start":{"line":238,"column":4},"end":{"line":240,"column":null}},"type":"if","locations":[{"start":{"line":238,"column":4},"end":{"line":240,"column":null}},{"start":{},"end":{}}],"line":238},"29":{"loc":{"start":{"line":247,"column":13},"end":{"line":249,"column":null}},"type":"cond-expr","locations":[{"start":{"line":248,"column":10},"end":{"line":248,"column":null}},{"start":{"line":249,"column":10},"end":{"line":249,"column":null}}],"line":247},"30":{"loc":{"start":{"line":256,"column":2},"end":{"line":258,"column":null}},"type":"if","locations":[{"start":{"line":256,"column":2},"end":{"line":258,"column":null}},{"start":{},"end":{}}],"line":256}},"s":{"0":6,"1":6,"2":6,"3":31,"4":4,"5":4,"6":4,"7":27,"8":10,"9":17,"10":0,"11":0,"12":0,"13":0,"14":0,"15":17,"16":25,"17":17,"18":6,"19":2,"20":2,"21":2,"22":1,"23":2,"24":0,"25":0,"26":0,"27":6,"28":0,"29":6,"30":1,"31":5,"32":10,"33":5,"34":5,"35":10,"36":10,"37":10,"38":5,"39":5,"40":5,"41":9,"42":9,"43":9,"44":9,"45":13,"46":13,"47":4,"48":4,"49":9,"50":9,"51":2,"52":2,"53":2,"54":7,"55":0,"56":0,"57":0,"58":7,"59":1,"60":1,"61":2,"62":2,"63":2,"64":1,"65":1,"66":6,"67":1,"68":1,"69":2,"70":2,"71":2,"72":1,"73":1,"74":5,"75":1,"76":1,"77":1,"78":1,"79":1,"80":1,"81":4,"82":1,"83":1,"84":1,"85":1,"86":1,"87":1,"88":1,"89":1,"90":1,"91":3,"92":3,"93":9,"94":1,"95":9,"96":10,"97":10,"98":10,"99":10,"100":2,"101":2,"102":2,"103":2,"104":2,"105":2,"106":10,"107":10,"108":10},"f":{"0":6,"1":31,"2":25,"3":0,"4":6,"5":10,"6":5,"7":5,"8":9,"9":10},"b":{"0":[4,27],"1":[4,0],"2":[4,4],"3":[4,3],"4":[4,0],"5":[10,17],"6":[10,0],"7":[0,17],"8":[0,0],"9":[0,0],"10":[6,2,1,1,2,0,0,6,0],"11":[2,0],"12":[1,5],"13":[4,1],"14":[4,9],"15":[2,7],"16":[0,7],"17":[7,7,7],"18":[1,6],"19":[1,2],"20":[1,5],"21":[1,2],"22":[1,4],"23":[1,1],"24":[1,3],"25":[1,2],"26":[1,0],"27":[1,8],"28":[2,0],"29":[2,0],"30":[10,0]},"meta":{"lastBranch":31,"lastFunction":10,"lastStatement":109,"seen":{"f:26:16:26:26":0,"s:27:22:27:Infinity":0,"s:28:15:28:Infinity":1,"s:29:2:29:Infinity":2,"f:32:9:32:23":1,"b:33:2:42:Infinity:undefined:undefined:undefined:undefined":0,"s:33:2:42:Infinity":3,"s:34:18:34:Infinity":4,"b:34:18:34:39:34:39:34:Infinity":1,"s:35:4:40:Infinity":5,"b:36:10:36:28:36:28:36:Infinity":2,"b:37:14:37:36:37:36:37:Infinity":3,"b:38:16:38:40:38:40:38:Infinity":4,"s:41:4:41:Infinity":6,"b:44:2:46:Infinity:undefined:undefined:undefined:undefined":5,"s:44:2:46:Infinity":7,"s:45:4:45:Infinity":8,"b:45:11:45:24:45:24:45:Infinity":6,"b:48:2:53:Infinity:undefined:undefined:undefined:undefined":7,"s:48:2:53:Infinity":9,"b:50:4:50:Infinity:undefined:undefined:undefined:undefined":8,"s:50:4:50:Infinity":10,"s:50:35:50:Infinity":11,"b:51:4:51:Infinity:undefined:undefined:undefined:undefined":9,"s:51:4:51:Infinity":12,"s:51:40:51:Infinity":13,"s:52:4:52:Infinity":14,"s:55:16:55:Infinity":15,"f:55:33:55:42":2,"s:55:42:55:69":16,"b:59:4:60:Infinity:61:4:65:Infinity:66:4:66:Infinity:67:4:68:Infinity:69:4:70:Infinity:71:4:72:Infinity:73:4:74:Infinity:75:4:76:Infinity:77:4:78:Infinity":10,"s:58:2:79:Infinity":17,"s:60:6:60:Infinity":18,"s:62:20:62:Infinity":19,"b:62:20:62:41:62:41:62:Infinity":11,"s:63:21:63:Infinity":20,"s:64:6:64:Infinity":21,"s:68:6:68:Infinity":22,"s:70:6:70:Infinity":23,"s:72:6:72:Infinity":24,"f:72:51:72:56":3,"s:72:56:72:64":25,"s:74:6:74:Infinity":26,"s:76:6:76:Infinity":27,"s:78:6:78:Infinity":28,"f:87:16:87:33":4,"b:88:2:91:Infinity:undefined:undefined:undefined:undefined":12,"s:88:2:91:Infinity":29,"s:90:4:90:Infinity":30,"s:94:17:96:Infinity":31,"f:95:9:95:14":5,"s:95:14:95:21":32,"f:96:10:96:11":6,"s:96:20:96:39":33,"s:98:2:103:Infinity":34,"s:99:20:99:Infinity":35,"s:101:20:101:Infinity":36,"s:102:4:102:Infinity":37,"s:106:2:108:Infinity":38,"f:106:43:106:44":7,"s:107:4:107:Infinity":39,"b:107:50:107:58:107:58:107:Infinity":13,"s:110:2:110:Infinity":40,"f:117:16:117:28":8,"s:118:16:118:Infinity":41,"s:119:32:119:Infinity":42,"s:120:10:120:Infinity":43,"s:122:2:216:Infinity":44,"s:123:17:123:Infinity":45,"b:126:4:129:Infinity:undefined:undefined:undefined:undefined":14,"s:126:4:129:Infinity":46,"s:127:6:127:Infinity":47,"s:128:6:128:Infinity":48,"s:132:25:132:Infinity":49,"b:133:4:141:Infinity:undefined:undefined:undefined:undefined":15,"s:133:4:141:Infinity":50,"s:134:6:138:Infinity":51,"s:139:6:139:Infinity":52,"s:140:6:140:Infinity":53,"b:144:4:148:Infinity:undefined:undefined:undefined:undefined":16,"s:144:4:148:Infinity":54,"b:144:8:144:33:144:33:144:58:144:58:144:81":17,"s:145:6:145:Infinity":55,"s:146:6:146:Infinity":56,"s:147:6:147:Infinity":57,"b:151:4:163:Infinity:undefined:undefined:undefined:undefined":18,"s:151:4:163:Infinity":58,"s:152:34:152:Infinity":59,"s:153:6:160:Infinity":60,"b:153:13:153:33:153:33:153:64":19,"s:154:25:154:Infinity":61,"s:155:8:158:Infinity":62,"s:159:8:159:Infinity":63,"s:161:6:161:Infinity":64,"s:162:6:162:Infinity":65,"b:166:4:178:Infinity:undefined:undefined:undefined:undefined":20,"s:166:4:178:Infinity":66,"s:167:34:167:Infinity":67,"s:168:6:175:Infinity":68,"b:168:13:168:33:168:33:168:61":21,"s:169:25:169:Infinity":69,"s:170:8:173:Infinity":70,"s:174:8:174:Infinity":71,"s:176:6:176:Infinity":72,"s:177:6:177:Infinity":73,"b:181:4:192:Infinity:undefined:undefined:undefined:undefined":22,"s:181:4:192:Infinity":74,"s:182:35:182:Infinity":75,"s:183:6:186:Infinity":76,"b:183:13:183:33:183:33:183:60":23,"s:184:8:184:Infinity":77,"s:185:8:185:Infinity":78,"s:187:6:190:Infinity":79,"s:191:6:191:Infinity":80,"b:195:4:208:Infinity:undefined:undefined:undefined:undefined":24,"s:195:4:208:Infinity":81,"s:196:6:196:Infinity":82,"s:197:34:197:Infinity":83,"s:198:6:201:Infinity":84,"b:198:13:198:33:198:33:198:62":25,"s:199:8:199:Infinity":85,"s:200:8:200:Infinity":86,"b:202:6:202:Infinity:undefined:undefined:undefined:undefined":26,"s:202:6:202:Infinity":87,"s:202:28:202:Infinity":88,"s:203:6:206:Infinity":89,"s:207:6:207:Infinity":90,"s:211:4:214:Infinity":91,"s:215:4:215:Infinity":92,"b:219:2:221:Infinity:undefined:undefined:undefined:undefined":27,"s:219:2:221:Infinity":93,"s:220:4:220:Infinity":94,"s:223:2:223:Infinity":95,"f:230:9:230:23":9,"s:231:30:231:Infinity":96,"s:232:16:232:Infinity":97,"s:233:18:233:Infinity":98,"s:236:2:253:Infinity":99,"b:238:4:240:Infinity:undefined:undefined:undefined:undefined":28,"s:238:4:240:Infinity":100,"s:239:6:239:Infinity":101,"s:242:18:242:Infinity":102,"s:243:18:243:Infinity":103,"s:245:4:250:Infinity":104,"b:248:10:248:Infinity:249:10:249:Infinity":29,"s:252:4:252:Infinity":105,"b:256:2:258:Infinity:undefined:undefined:undefined:undefined":30,"s:256:2:258:Infinity":106,"s:257:4:257:Infinity":107,"s:260:2:260:Infinity":108}}}
,"/Users/bryan/src/sidquest/src/lib/export/toMarkdown.ts": {"path":"/Users/bryan/src/sidquest/src/lib/export/toMarkdown.ts","statementMap":{"0":{"start":{"line":10,"column":2},"end":{"line":10,"column":null}},"1":{"start":{"line":10,"column":42},"end":{"line":10,"column":null}},"2":{"start":{"line":11,"column":2},"end":{"line":11,"column":null}},"3":{"start":{"line":11,"column":35},"end":{"line":11,"column":56}},"4":{"start":{"line":15,"column":2},"end":{"line":73,"column":null}},"5":{"start":{"line":17,"column":6},"end":{"line":17,"column":null}},"6":{"start":{"line":20,"column":20},"end":{"line":20,"column":null}},"7":{"start":{"line":21,"column":21},"end":{"line":21,"column":null}},"8":{"start":{"line":22,"column":6},"end":{"line":22,"column":null}},"9":{"start":{"line":26,"column":6},"end":{"line":28,"column":null}},"10":{"start":{"line":27,"column":23},"end":{"line":27,"column":53}},"11":{"start":{"line":31,"column":6},"end":{"line":33,"column":null}},"12":{"start":{"line":32,"column":26},"end":{"line":32,"column":64}},"13":{"start":{"line":36,"column":6},"end":{"line":41,"column":null}},"14":{"start":{"line":38,"column":26},"end":{"line":38,"column":null}},"15":{"start":{"line":39,"column":10},"end":{"line":39,"column":null}},"16":{"start":{"line":45,"column":6},"end":{"line":45,"column":null}},"17":{"start":{"line":48,"column":19},"end":{"line":48,"column":null}},"18":{"start":{"line":49,"column":6},"end":{"line":49,"column":null}},"19":{"start":{"line":53,"column":12},"end":{"line":55,"column":null}},"20":{"start":{"line":54,"column":24},"end":{"line":54,"column":46}},"21":{"start":{"line":56,"column":6},"end":{"line":59,"column":null}},"22":{"start":{"line":58,"column":23},"end":{"line":58,"column":34}},"23":{"start":{"line":63,"column":6},"end":{"line":63,"column":null}},"24":{"start":{"line":66,"column":18},"end":{"line":66,"column":null}},"25":{"start":{"line":67,"column":18},"end":{"line":67,"column":null}},"26":{"start":{"line":68,"column":6},"end":{"line":68,"column":null}},"27":{"start":{"line":72,"column":6},"end":{"line":72,"column":null}},"28":{"start":{"line":77,"column":17},"end":{"line":77,"column":null}},"29":{"start":{"line":78,"column":2},"end":{"line":84,"column":null}},"30":{"start":{"line":80,"column":19},"end":{"line":80,"column":null}},"31":{"start":{"line":81,"column":6},"end":{"line":81,"column":null}},"32":{"start":{"line":81,"column":19},"end":{"line":81,"column":null}},"33":{"start":{"line":82,"column":6},"end":{"line":82,"column":null}},"34":{"start":{"line":88,"column":2},"end":{"line":88,"column":null}},"35":{"start":{"line":88,"column":16},"end":{"line":88,"column":null}},"36":{"start":{"line":89,"column":2},"end":{"line":89,"column":null}},"37":{"start":{"line":89,"column":31},"end":{"line":89,"column":57}},"38":{"start":{"line":93,"column":2},"end":{"line":101,"column":null}},"39":{"start":{"line":94,"column":15},"end":{"line":94,"column":null}},"40":{"start":{"line":95,"column":4},"end":{"line":99,"column":null}},"41":{"start":{"line":96,"column":6},"end":{"line":98,"column":null}},"42":{"start":{"line":97,"column":8},"end":{"line":97,"column":null}},"43":{"start":{"line":100,"column":4},"end":{"line":100,"column":null}},"44":{"start":{"line":103,"column":2},"end":{"line":105,"column":null}},"45":{"start":{"line":104,"column":4},"end":{"line":104,"column":null}},"46":{"start":{"line":107,"column":2},"end":{"line":111,"column":null}},"47":{"start":{"line":108,"column":16},"end":{"line":108,"column":null}},"48":{"start":{"line":109,"column":16},"end":{"line":109,"column":null}},"49":{"start":{"line":110,"column":4},"end":{"line":110,"column":null}},"50":{"start":{"line":113,"column":2},"end":{"line":115,"column":null}},"51":{"start":{"line":114,"column":4},"end":{"line":114,"column":null}},"52":{"start":{"line":117,"column":2},"end":{"line":117,"column":null}},"53":{"start":{"line":121,"column":2},"end":{"line":134,"column":null}},"54":{"start":{"line":123,"column":6},"end":{"line":123,"column":null}},"55":{"start":{"line":125,"column":6},"end":{"line":125,"column":null}},"56":{"start":{"line":127,"column":6},"end":{"line":127,"column":null}},"57":{"start":{"line":129,"column":6},"end":{"line":129,"column":null}},"58":{"start":{"line":131,"column":6},"end":{"line":131,"column":null}},"59":{"start":{"line":133,"column":6},"end":{"line":133,"column":null}},"60":{"start":{"line":138,"column":2},"end":{"line":138,"column":null}},"61":{"start":{"line":138,"column":16},"end":{"line":138,"column":null}},"62":{"start":{"line":139,"column":2},"end":{"line":139,"column":null}},"63":{"start":{"line":139,"column":31},"end":{"line":139,"column":46}}},"fnMap":{"0":{"name":"toMarkdown","decl":{"start":{"line":9,"column":16},"end":{"line":9,"column":27}},"loc":{"start":{"line":9,"column":52},"end":{"line":12,"column":null}},"line":9},"1":{"name":"(anonymous_1)","decl":{"start":{"line":11,"column":25},"end":{"line":11,"column":26}},"loc":{"start":{"line":11,"column":35},"end":{"line":11,"column":56}},"line":11},"2":{"name":"blockToMarkdown","decl":{"start":{"line":14,"column":9},"end":{"line":14,"column":25}},"loc":{"start":{"line":14,"column":51},"end":{"line":74,"column":null}},"line":14},"3":{"name":"(anonymous_3)","decl":{"start":{"line":27,"column":13},"end":{"line":27,"column":14}},"loc":{"start":{"line":27,"column":23},"end":{"line":27,"column":53}},"line":27},"4":{"name":"(anonymous_4)","decl":{"start":{"line":32,"column":13},"end":{"line":32,"column":14}},"loc":{"start":{"line":32,"column":26},"end":{"line":32,"column":64}},"line":32},"5":{"name":"(anonymous_5)","decl":{"start":{"line":37,"column":13},"end":{"line":37,"column":14}},"loc":{"start":{"line":37,"column":23},"end":{"line":40,"column":9}},"line":37},"6":{"name":"(anonymous_6)","decl":{"start":{"line":54,"column":13},"end":{"line":54,"column":14}},"loc":{"start":{"line":54,"column":24},"end":{"line":54,"column":46}},"line":54},"7":{"name":"(anonymous_7)","decl":{"start":{"line":58,"column":13},"end":{"line":58,"column":14}},"loc":{"start":{"line":58,"column":23},"end":{"line":58,"column":34}},"line":58},"8":{"name":"listItemToMarkdown","decl":{"start":{"line":76,"column":9},"end":{"line":76,"column":28}},"loc":{"start":{"line":76,"column":70},"end":{"line":85,"column":null}},"line":76},"9":{"name":"(anonymous_9)","decl":{"start":{"line":79,"column":9},"end":{"line":79,"column":10}},"loc":{"start":{"line":79,"column":23},"end":{"line":83,"column":5}},"line":79},"10":{"name":"inlineContent","decl":{"start":{"line":87,"column":9},"end":{"line":87,"column":23}},"loc":{"start":{"line":87,"column":55},"end":{"line":90,"column":null}},"line":87},"11":{"name":"(anonymous_11)","decl":{"start":{"line":89,"column":21},"end":{"line":89,"column":22}},"loc":{"start":{"line":89,"column":31},"end":{"line":89,"column":57}},"line":89},"12":{"name":"inlineNodeToMarkdown","decl":{"start":{"line":92,"column":9},"end":{"line":92,"column":30}},"loc":{"start":{"line":92,"column":56},"end":{"line":118,"column":null}},"line":92},"13":{"name":"applyMark","decl":{"start":{"line":120,"column":9},"end":{"line":120,"column":19}},"loc":{"start":{"line":120,"column":94},"end":{"line":135,"column":null}},"line":120},"14":{"name":"plainText","decl":{"start":{"line":137,"column":9},"end":{"line":137,"column":19}},"loc":{"start":{"line":137,"column":51},"end":{"line":140,"column":null}},"line":137},"15":{"name":"(anonymous_15)","decl":{"start":{"line":139,"column":21},"end":{"line":139,"column":22}},"loc":{"start":{"line":139,"column":31},"end":{"line":139,"column":46}},"line":139}},"branchMap":{"0":{"loc":{"start":{"line":10,"column":2},"end":{"line":10,"column":null}},"type":"if","locations":[{"start":{"line":10,"column":2},"end":{"line":10,"column":null}},{"start":{},"end":{}}],"line":10},"1":{"loc":{"start":{"line":10,"column":6},"end":{"line":10,"column":42}},"type":"binary-expr","locations":[{"start":{"line":10,"column":6},"end":{"line":10,"column":28}},{"start":{"line":10,"column":28},"end":{"line":10,"column":42}}],"line":10},"2":{"loc":{"start":{"line":15,"column":2},"end":{"line":73,"column":null}},"type":"switch","locations":[{"start":{"line":16,"column":4},"end":{"line":17,"column":null}},{"start":{"line":19,"column":4},"end":{"line":23,"column":null}},{"start":{"line":25,"column":4},"end":{"line":28,"column":null}},{"start":{"line":30,"column":4},"end":{"line":33,"column":null}},{"start":{"line":35,"column":4},"end":{"line":41,"column":null}},{"start":{"line":43,"column":4},"end":{"line":43,"column":null}},{"start":{"line":44,"column":4},"end":{"line":45,"column":null}},{"start":{"line":47,"column":4},"end":{"line":50,"column":null}},{"start":{"line":52,"column":4},"end":{"line":60,"column":null}},{"start":{"line":62,"column":4},"end":{"line":63,"column":null}},{"start":{"line":65,"column":4},"end":{"line":69,"column":null}},{"start":{"line":71,"column":4},"end":{"line":72,"column":null}}],"line":15},"3":{"loc":{"start":{"line":20,"column":20},"end":{"line":20,"column":null}},"type":"binary-expr","locations":[{"start":{"line":20,"column":20},"end":{"line":20,"column":41}},{"start":{"line":20,"column":41},"end":{"line":20,"column":null}}],"line":20},"4":{"loc":{"start":{"line":26,"column":14},"end":{"line":26,"column":null}},"type":"binary-expr","locations":[{"start":{"line":26,"column":14},"end":{"line":26,"column":30}},{"start":{"line":26,"column":30},"end":{"line":26,"column":null}}],"line":26},"5":{"loc":{"start":{"line":31,"column":14},"end":{"line":31,"column":null}},"type":"binary-expr","locations":[{"start":{"line":31,"column":14},"end":{"line":31,"column":30}},{"start":{"line":31,"column":30},"end":{"line":31,"column":null}}],"line":31},"6":{"loc":{"start":{"line":36,"column":14},"end":{"line":36,"column":null}},"type":"binary-expr","locations":[{"start":{"line":36,"column":14},"end":{"line":36,"column":30}},{"start":{"line":36,"column":30},"end":{"line":36,"column":null}}],"line":36},"7":{"loc":{"start":{"line":38,"column":26},"end":{"line":38,"column":null}},"type":"cond-expr","locations":[{"start":{"line":38,"column":48},"end":{"line":38,"column":54}},{"start":{"line":38,"column":54},"end":{"line":38,"column":null}}],"line":38},"8":{"loc":{"start":{"line":48,"column":19},"end":{"line":48,"column":null}},"type":"binary-expr","locations":[{"start":{"line":48,"column":19},"end":{"line":48,"column":43}},{"start":{"line":48,"column":43},"end":{"line":48,"column":null}}],"line":48},"9":{"loc":{"start":{"line":53,"column":21},"end":{"line":53,"column":null}},"type":"binary-expr","locations":[{"start":{"line":53,"column":21},"end":{"line":53,"column":37}},{"start":{"line":53,"column":37},"end":{"line":53,"column":null}}],"line":53},"10":{"loc":{"start":{"line":66,"column":18},"end":{"line":66,"column":null}},"type":"binary-expr","locations":[{"start":{"line":66,"column":18},"end":{"line":66,"column":37}},{"start":{"line":66,"column":37},"end":{"line":66,"column":null}}],"line":66},"11":{"loc":{"start":{"line":67,"column":18},"end":{"line":67,"column":null}},"type":"binary-expr","locations":[{"start":{"line":67,"column":18},"end":{"line":67,"column":37}},{"start":{"line":67,"column":37},"end":{"line":67,"column":null}}],"line":67},"12":{"loc":{"start":{"line":77,"column":17},"end":{"line":77,"column":null}},"type":"binary-expr","locations":[{"start":{"line":77,"column":17},"end":{"line":77,"column":33}},{"start":{"line":77,"column":33},"end":{"line":77,"column":null}}],"line":77},"13":{"loc":{"start":{"line":81,"column":6},"end":{"line":81,"column":null}},"type":"if","locations":[{"start":{"line":81,"column":6},"end":{"line":81,"column":null}},{"start":{},"end":{}}],"line":81},"14":{"loc":{"start":{"line":88,"column":2},"end":{"line":88,"column":null}},"type":"if","locations":[{"start":{"line":88,"column":2},"end":{"line":88,"column":null}},{"start":{},"end":{}}],"line":88},"15":{"loc":{"start":{"line":93,"column":2},"end":{"line":101,"column":null}},"type":"if","locations":[{"start":{"line":93,"column":2},"end":{"line":101,"column":null}},{"start":{},"end":{}}],"line":93},"16":{"loc":{"start":{"line":94,"column":15},"end":{"line":94,"column":null}},"type":"binary-expr","locations":[{"start":{"line":94,"column":15},"end":{"line":94,"column":28}},{"start":{"line":94,"column":28},"end":{"line":94,"column":null}}],"line":94},"17":{"loc":{"start":{"line":95,"column":4},"end":{"line":99,"column":null}},"type":"if","locations":[{"start":{"line":95,"column":4},"end":{"line":99,"column":null}},{"start":{},"end":{}}],"line":95},"18":{"loc":{"start":{"line":103,"column":2},"end":{"line":105,"column":null}},"type":"if","locations":[{"start":{"line":103,"column":2},"end":{"line":105,"column":null}},{"start":{},"end":{}}],"line":103},"19":{"loc":{"start":{"line":104,"column":16},"end":{"line":104,"column":39}},"type":"binary-expr","locations":[{"start":{"line":104,"column":16},"end":{"line":104,"column":37}},{"start":{"line":104,"column":37},"end":{"line":104,"column":39}}],"line":104},"20":{"loc":{"start":{"line":107,"column":2},"end":{"line":111,"column":null}},"type":"if","locations":[{"start":{"line":107,"column":2},"end":{"line":111,"column":null}},{"start":{},"end":{}}],"line":107},"21":{"loc":{"start":{"line":108,"column":16},"end":{"line":108,"column":null}},"type":"binary-expr","locations":[{"start":{"line":108,"column":16},"end":{"line":108,"column":35}},{"start":{"line":108,"column":35},"end":{"line":108,"column":null}}],"line":108},"22":{"loc":{"start":{"line":109,"column":16},"end":{"line":109,"column":null}},"type":"binary-expr","locations":[{"start":{"line":109,"column":16},"end":{"line":109,"column":35}},{"start":{"line":109,"column":35},"end":{"line":109,"column":null}}],"line":109},"23":{"loc":{"start":{"line":113,"column":2},"end":{"line":115,"column":null}},"type":"if","locations":[{"start":{"line":113,"column":2},"end":{"line":115,"column":null}},{"start":{},"end":{}}],"line":113},"24":{"loc":{"start":{"line":121,"column":2},"end":{"line":134,"column":null}},"type":"switch","locations":[{"start":{"line":122,"column":4},"end":{"line":123,"column":null}},{"start":{"line":124,"column":4},"end":{"line":125,"column":null}},{"start":{"line":126,"column":4},"end":{"line":127,"column":null}},{"start":{"line":128,"column":4},"end":{"line":129,"column":null}},{"start":{"line":130,"column":4},"end":{"line":131,"column":null}},{"start":{"line":132,"column":4},"end":{"line":133,"column":null}}],"line":121},"25":{"loc":{"start":{"line":131,"column":26},"end":{"line":131,"column":48}},"type":"binary-expr","locations":[{"start":{"line":131,"column":26},"end":{"line":131,"column":46}},{"start":{"line":131,"column":46},"end":{"line":131,"column":48}}],"line":131},"26":{"loc":{"start":{"line":138,"column":2},"end":{"line":138,"column":null}},"type":"if","locations":[{"start":{"line":138,"column":2},"end":{"line":138,"column":null}},{"start":{},"end":{}}],"line":138},"27":{"loc":{"start":{"line":139,"column":31},"end":{"line":139,"column":46}},"type":"binary-expr","locations":[{"start":{"line":139,"column":31},"end":{"line":139,"column":44}},{"start":{"line":139,"column":44},"end":{"line":139,"column":46}}],"line":139}},"s":{"0":18,"1":1,"2":17,"3":20,"4":25,"5":16,"6":3,"7":3,"8":3,"9":1,"10":2,"11":1,"12":2,"13":0,"14":0,"15":0,"16":0,"17":1,"18":1,"19":1,"20":1,"21":1,"22":1,"23":1,"24":1,"25":1,"26":1,"27":0,"28":4,"29":4,"30":4,"31":4,"32":4,"33":0,"34":19,"35":0,"36":19,"37":25,"38":25,"39":24,"40":24,"41":5,"42":5,"43":24,"44":1,"45":1,"46":0,"47":0,"48":0,"49":0,"50":0,"51":0,"52":0,"53":5,"54":1,"55":1,"56":1,"57":1,"58":1,"59":0,"60":1,"61":0,"62":1,"63":1},"f":{"0":18,"1":20,"2":25,"3":2,"4":2,"5":0,"6":1,"7":1,"8":4,"9":4,"10":19,"11":25,"12":25,"13":5,"14":1,"15":1},"b":{"0":[1,17],"1":[18,17],"2":[16,3,1,1,0,0,0,1,1,1,1,0],"3":[3,0],"4":[1,0],"5":[1,0],"6":[0,0],"7":[0,0],"8":[1,0],"9":[1,0],"10":[1,0],"11":[1,0],"12":[4,0],"13":[4,0],"14":[0,19],"15":[24,1],"16":[24,0],"17":[5,19],"18":[1,0],"19":[1,0],"20":[0,0],"21":[0,0],"22":[0,0],"23":[0,0],"24":[1,1,1,1,1,0],"25":[1,0],"26":[0,1],"27":[1,0]},"meta":{"lastBranch":28,"lastFunction":16,"lastStatement":64,"seen":{"f:9:16:9:27":0,"b:10:2:10:Infinity:undefined:undefined:undefined:undefined":0,"s:10:2:10:Infinity":0,"b:10:6:10:28:10:28:10:42":1,"s:10:42:10:Infinity":1,"s:11:2:11:Infinity":2,"f:11:25:11:26":1,"s:11:35:11:56":3,"f:14:9:14:25":2,"b:16:4:17:Infinity:19:4:23:Infinity:25:4:28:Infinity:30:4:33:Infinity:35:4:41:Infinity:43:4:43:Infinity:44:4:45:Infinity:47:4:50:Infinity:52:4:60:Infinity:62:4:63:Infinity:65:4:69:Infinity:71:4:72:Infinity":2,"s:15:2:73:Infinity":4,"s:17:6:17:Infinity":5,"s:20:20:20:Infinity":6,"b:20:20:20:41:20:41:20:Infinity":3,"s:21:21:21:Infinity":7,"s:22:6:22:Infinity":8,"s:26:6:28:Infinity":9,"b:26:14:26:30:26:30:26:Infinity":4,"f:27:13:27:14":3,"s:27:23:27:53":10,"s:31:6:33:Infinity":11,"b:31:14:31:30:31:30:31:Infinity":5,"f:32:13:32:14":4,"s:32:26:32:64":12,"s:36:6:41:Infinity":13,"b:36:14:36:30:36:30:36:Infinity":6,"f:37:13:37:14":5,"s:38:26:38:Infinity":14,"b:38:48:38:54:38:54:38:Infinity":7,"s:39:10:39:Infinity":15,"s:45:6:45:Infinity":16,"s:48:19:48:Infinity":17,"b:48:19:48:43:48:43:48:Infinity":8,"s:49:6:49:Infinity":18,"s:53:12:55:Infinity":19,"b:53:21:53:37:53:37:53:Infinity":9,"f:54:13:54:14":6,"s:54:24:54:46":20,"s:56:6:59:Infinity":21,"f:58:13:58:14":7,"s:58:23:58:34":22,"s:63:6:63:Infinity":23,"s:66:18:66:Infinity":24,"b:66:18:66:37:66:37:66:Infinity":10,"s:67:18:67:Infinity":25,"b:67:18:67:37:67:37:67:Infinity":11,"s:68:6:68:Infinity":26,"s:72:6:72:Infinity":27,"f:76:9:76:28":8,"s:77:17:77:Infinity":28,"b:77:17:77:33:77:33:77:Infinity":12,"s:78:2:84:Infinity":29,"f:79:9:79:10":9,"s:80:19:80:Infinity":30,"b:81:6:81:Infinity:undefined:undefined:undefined:undefined":13,"s:81:6:81:Infinity":31,"s:81:19:81:Infinity":32,"s:82:6:82:Infinity":33,"f:87:9:87:23":10,"b:88:2:88:Infinity:undefined:undefined:undefined:undefined":14,"s:88:2:88:Infinity":34,"s:88:16:88:Infinity":35,"s:89:2:89:Infinity":36,"f:89:21:89:22":11,"s:89:31:89:57":37,"f:92:9:92:30":12,"b:93:2:101:Infinity:undefined:undefined:undefined:undefined":15,"s:93:2:101:Infinity":38,"s:94:15:94:Infinity":39,"b:94:15:94:28:94:28:94:Infinity":16,"b:95:4:99:Infinity:undefined:undefined:undefined:undefined":17,"s:95:4:99:Infinity":40,"s:96:6:98:Infinity":41,"s:97:8:97:Infinity":42,"s:100:4:100:Infinity":43,"b:103:2:105:Infinity:undefined:undefined:undefined:undefined":18,"s:103:2:105:Infinity":44,"s:104:4:104:Infinity":45,"b:104:16:104:37:104:37:104:39":19,"b:107:2:111:Infinity:undefined:undefined:undefined:undefined":20,"s:107:2:111:Infinity":46,"s:108:16:108:Infinity":47,"b:108:16:108:35:108:35:108:Infinity":21,"s:109:16:109:Infinity":48,"b:109:16:109:35:109:35:109:Infinity":22,"s:110:4:110:Infinity":49,"b:113:2:115:Infinity:undefined:undefined:undefined:undefined":23,"s:113:2:115:Infinity":50,"s:114:4:114:Infinity":51,"s:117:2:117:Infinity":52,"f:120:9:120:19":13,"b:122:4:123:Infinity:124:4:125:Infinity:126:4:127:Infinity:128:4:129:Infinity:130:4:131:Infinity:132:4:133:Infinity":24,"s:121:2:134:Infinity":53,"s:123:6:123:Infinity":54,"s:125:6:125:Infinity":55,"s:127:6:127:Infinity":56,"s:129:6:129:Infinity":57,"s:131:6:131:Infinity":58,"b:131:26:131:46:131:46:131:48":25,"s:133:6:133:Infinity":59,"f:137:9:137:19":14,"b:138:2:138:Infinity:undefined:undefined:undefined:undefined":26,"s:138:2:138:Infinity":60,"s:138:16:138:Infinity":61,"s:139:2:139:Infinity":62,"f:139:21:139:22":15,"s:139:31:139:46":63,"b:139:31:139:44:139:44:139:46":27}}}
}
